2024-09-24 02:10:14,256 INFO o.a.j.u.JMeterUtils: Setting Locale to zh_CN
2024-09-24 02:10:14,291 INFO o.a.j.JMeter: Loading user properties from: /usr/local/Cellar/jmeter/5.6.3/libexec/bin/user.properties
2024-09-24 02:10:14,291 INFO o.a.j.JMeter: Loading system properties from: /usr/local/Cellar/jmeter/5.6.3/libexec/bin/system.properties
2024-09-24 02:10:14,299 INFO o.a.j.JMeter: Copyright (c) 1998-2024 The Apache Software Foundation
2024-09-24 02:10:14,299 INFO o.a.j.JMeter: Version 5.6.3
2024-09-24 02:10:14,300 INFO o.a.j.JMeter: java.version=21.0.4
2024-09-24 02:10:14,300 INFO o.a.j.JMeter: java.vm.name=OpenJDK 64-Bit Server VM
2024-09-24 02:10:14,300 INFO o.a.j.JMeter: os.name=Mac OS X
2024-09-24 02:10:14,300 INFO o.a.j.JMeter: os.arch=x86_64
2024-09-24 02:10:14,300 INFO o.a.j.JMeter: os.version=12.7.6
2024-09-24 02:10:14,300 INFO o.a.j.JMeter: file.encoding=UTF-8
2024-09-24 02:10:14,300 INFO o.a.j.JMeter: java.awt.headless=true
2024-09-24 02:10:14,300 INFO o.a.j.JMeter: Max memory     =1073741824
2024-09-24 02:10:14,301 INFO o.a.j.JMeter: Available Processors =8
2024-09-24 02:10:14,314 INFO o.a.j.JMeter: Default Locale=English (EN)
2024-09-24 02:10:14,314 INFO o.a.j.JMeter: JMeter  Locale=Chinese (China)
2024-09-24 02:10:14,314 INFO o.a.j.JMeter: JMeterHome=/usr/local/Cellar/jmeter/5.6.3/libexec
2024-09-24 02:10:14,314 INFO o.a.j.JMeter: user.dir  =/Users/he/Documents/local/netApiJmeter
2024-09-24 02:10:14,315 INFO o.a.j.JMeter: PWD       =/Users/he/Documents/local/netApiJmeter
2024-09-24 02:10:14,316 INFO o.a.j.JMeter: IP: 127.0.0.1 Name: hedeMacBook-Pro.local FullName: localhost
2024-09-24 02:10:14,330 INFO o.a.j.JMeter: Setting property 'jmeter.reportgenerator.outputdir' to:'/Users/he/Documents/local/netApiJmeter/report/dashboard'
2024-09-24 02:10:14,333 INFO o.a.j.s.FileServer: Default base='/Users/he/Documents/local/netApiJmeter'
2024-09-24 02:10:14,334 INFO o.a.j.s.FileServer: Set new base='/Users/he/Documents/local/netApiJmeter'
2024-09-24 02:10:14,565 INFO o.a.j.s.SaveService: Testplan (JMX) version: 2.2. Testlog (JTL) version: 2.2
2024-09-24 02:10:14,605 INFO o.a.j.s.SaveService: Using SaveService properties version 5.0
2024-09-24 02:10:14,609 INFO o.a.j.s.SaveService: Using SaveService properties file encoding UTF-8
2024-09-24 02:10:14,613 INFO o.a.j.s.SaveService: Loading file: NeteaseCloudMusicApi.jmx
2024-09-24 02:10:14,662 INFO o.a.j.p.h.c.CookieManager: Settings: Delete null: true Check: true Allow variable: true Save: false Prefix: COOKIE_
2024-09-24 02:10:14,704 INFO o.a.j.p.h.s.HTTPSamplerBase: Parser for text/html is org.apache.jmeter.protocol.http.parser.LagartoBasedHtmlParser
2024-09-24 02:10:14,704 INFO o.a.j.p.h.s.HTTPSamplerBase: Parser for application/xhtml+xml is org.apache.jmeter.protocol.http.parser.LagartoBasedHtmlParser
2024-09-24 02:10:14,704 INFO o.a.j.p.h.s.HTTPSamplerBase: Parser for application/xml is org.apache.jmeter.protocol.http.parser.LagartoBasedHtmlParser
2024-09-24 02:10:14,705 INFO o.a.j.p.h.s.HTTPSamplerBase: Parser for text/xml is org.apache.jmeter.protocol.http.parser.LagartoBasedHtmlParser
2024-09-24 02:10:14,705 INFO o.a.j.p.h.s.HTTPSamplerBase: Parser for text/vnd.wap.wml is org.apache.jmeter.protocol.http.parser.RegexpHTMLParser
2024-09-24 02:10:14,705 INFO o.a.j.p.h.s.HTTPSamplerBase: Parser for text/css is org.apache.jmeter.protocol.http.parser.CssParser
2024-09-24 02:10:14,779 INFO o.a.j.JMeter: Creating summariser <summary>
2024-09-24 02:10:14,784 INFO o.a.j.r.d.ReportGenerator: ReportGenerator will use for Parsing the separator: ','
2024-09-24 02:10:14,784 INFO o.a.j.r.d.ReportGenerator: Will generate report at end of test from  results file: NeteaseCloudMusicApi.jtl
2024-09-24 02:10:14,784 INFO o.a.j.r.d.ReportGenerator: Reading report generator properties from: /usr/local/Cellar/jmeter/5.6.3/libexec/bin/reportgenerator.properties
2024-09-24 02:10:14,786 INFO o.a.j.r.d.ReportGenerator: Merging with JMeter properties
2024-09-24 02:10:14,792 INFO o.a.j.r.c.ReportGeneratorConfiguration: Property 'jmeter.reportgenerator.temp_dir' not found, using default value 'temp' instead.
2024-09-24 02:10:14,794 INFO o.a.j.r.c.ReportGeneratorConfiguration: Property 'jmeter.reportgenerator.apdex_per_transaction' not found, using default value 'null' instead.
2024-09-24 02:10:14,794 INFO o.a.j.r.c.ReportGeneratorConfiguration: apdex_per_transaction is empty, not APDEX per transaction customization
2024-09-24 02:10:14,794 INFO o.a.j.r.c.ReportGeneratorConfiguration: Property 'jmeter.reportgenerator.sample_filter' not found, using default value 'null' instead.
2024-09-24 02:10:14,795 INFO o.a.j.r.c.ReportGeneratorConfiguration: Property 'jmeter.reportgenerator.report_title' not found, using default value 'null' instead.
2024-09-24 02:10:14,795 INFO o.a.j.r.c.ReportGeneratorConfiguration: Property 'jmeter.reportgenerator.start_date' not found, using default value 'null' instead.
2024-09-24 02:10:14,795 INFO o.a.j.r.c.ReportGeneratorConfiguration: Property 'jmeter.reportgenerator.end_date' not found, using default value 'null' instead.
2024-09-24 02:10:14,795 INFO o.a.j.r.c.ReportGeneratorConfiguration: Property 'jmeter.reportgenerator.date_format' not found, using default value 'null' instead.
2024-09-24 02:10:14,795 INFO o.a.j.r.c.ReportGeneratorConfiguration: Will use date range start date: null, end date: null
2024-09-24 02:10:14,800 INFO o.a.j.r.c.ReportGeneratorConfiguration: Property 'jmeter.reportgenerator.graph.totalTPS.exclude_controllers' not found, using default value 'false' instead.
2024-09-24 02:10:14,801 INFO o.a.j.r.c.ReportGeneratorConfiguration: Property 'jmeter.reportgenerator.graph.activeThreadsOverTime.exclude_controllers' not found, using default value 'false' instead.
2024-09-24 02:10:14,801 INFO o.a.j.r.c.ReportGeneratorConfiguration: Property 'jmeter.reportgenerator.graph.timeVsThreads.exclude_controllers' not found, using default value 'false' instead.
2024-09-24 02:10:14,801 INFO o.a.j.r.c.ReportGeneratorConfiguration: Property 'jmeter.reportgenerator.graph.responseTimeDistribution.exclude_controllers' not found, using default value 'false' instead.
2024-09-24 02:10:14,801 INFO o.a.j.r.c.ReportGeneratorConfiguration: Property 'jmeter.reportgenerator.graph.transactionsPerSecond.exclude_controllers' not found, using default value 'false' instead.
2024-09-24 02:10:14,801 INFO o.a.j.r.c.ReportGeneratorConfiguration: Property 'jmeter.reportgenerator.graph.responseTimePercentiles.exclude_controllers' not found, using default value 'false' instead.
2024-09-24 02:10:14,802 INFO o.a.j.r.c.ReportGeneratorConfiguration: Property 'jmeter.reportgenerator.graph.responseTimePercentilesOverTime.exclude_controllers' not found, using default value 'false' instead.
2024-09-24 02:10:14,802 INFO o.a.j.r.c.ReportGeneratorConfiguration: Property 'jmeter.reportgenerator.graph.responseTimesOverTime.exclude_controllers' not found, using default value 'false' instead.
2024-09-24 02:10:14,802 INFO o.a.j.r.c.ReportGeneratorConfiguration: Property 'jmeter.reportgenerator.graph.connectTimeOverTime.exclude_controllers' not found, using default value 'false' instead.
2024-09-24 02:10:14,802 INFO o.a.j.r.c.ReportGeneratorConfiguration: Property 'jmeter.reportgenerator.graph.latenciesOverTime.exclude_controllers' not found, using default value 'false' instead.
2024-09-24 02:10:14,803 INFO o.a.j.r.c.ReportGeneratorConfiguration: Property 'jmeter.reportgenerator.exporter.json.filters_only_sample_series' not found, using default value 'true' instead.
2024-09-24 02:10:14,803 INFO o.a.j.r.c.ReportGeneratorConfiguration: Property 'jmeter.reportgenerator.exporter.json.series_filter' not found, using default value '' instead.
2024-09-24 02:10:14,803 INFO o.a.j.r.c.ReportGeneratorConfiguration: Property 'jmeter.reportgenerator.exporter.json.show_controllers_only' not found, using default value 'false' instead.
2024-09-24 02:10:14,804 INFO o.a.j.r.c.ReportGeneratorConfiguration: Property 'jmeter.reportgenerator.exporter.html.filters_only_sample_series' not found, using default value 'true' instead.
2024-09-24 02:10:14,804 INFO o.a.j.r.c.ReportGeneratorConfiguration: Property 'jmeter.reportgenerator.exporter.html.series_filter' not found, using default value '' instead.
2024-09-24 02:10:14,804 INFO o.a.j.r.c.ReportGeneratorConfiguration: Property 'jmeter.reportgenerator.exporter.html.show_controllers_only' not found, using default value 'false' instead.
2024-09-24 02:10:14,819 INFO o.a.j.e.StandardJMeterEngine: Running the test!
2024-09-24 02:10:14,820 INFO o.a.j.s.SampleEvent: List of sample_variables: []
2024-09-24 02:10:14,821 INFO o.a.j.s.SampleEvent: List of sample_variables: []
2024-09-24 02:10:14,826 INFO o.a.j.e.u.CompoundVariable: Note: Function class names must contain the string: '.functions.'
2024-09-24 02:10:14,826 INFO o.a.j.e.u.CompoundVariable: Note: Function class names must not contain the string: '.gui.'
2024-09-24 02:10:14,881 INFO o.a.j.r.ClassFinder: Will scan jar /usr/local/Cellar/jmeter/5.6.3/libexec/lib/ext/jmeter-plugins-manager-1.9.jar with filter ExtendsClassFilter [parents=[interface org.apache.jmeter.functions.Function], inner=false, contains=null, notContains=null]. Consider exposing JMeter plugins via META-INF/services, and add JMeter-Skip-Class-Scanning=true manifest attribute so JMeter can skip classfile scanning
2024-09-24 02:10:15,251 INFO o.a.j.JMeter: 正在运行的测试 (1727115015251)
2024-09-24 02:10:15,282 INFO o.a.j.e.StandardJMeterEngine: Starting ThreadGroup: 1 : user
2024-09-24 02:10:15,283 INFO o.a.j.e.StandardJMeterEngine: Starting 1 threads for group user.
2024-09-24 02:10:15,283 INFO o.a.j.e.StandardJMeterEngine: Thread will continue on error
2024-09-24 02:10:15,283 INFO o.a.j.t.ThreadGroup: Starting thread group... number=1 threads=1 ramp-up=1 delayedStart=false
2024-09-24 02:10:15,290 INFO o.a.j.t.ThreadGroup: Started thread group number 1
2024-09-24 02:10:15,290 INFO o.a.j.e.StandardJMeterEngine: Waiting for thread group: user to finish before starting next group
2024-09-24 02:10:15,294 INFO o.a.j.t.JMeterThread: Thread started: user 1-1
2024-09-24 02:10:15,311 INFO o.a.j.p.h.s.HTTPHCAbstractImpl: Local host = hedeMacBook-Pro.local
2024-09-24 02:10:15,318 INFO o.a.j.p.h.s.HTTPHC4Impl: HTTP request retry count = 0
2024-09-24 02:10:15,320 INFO o.a.j.s.SampleResult: Note: Sample TimeStamps are START times
2024-09-24 02:10:15,320 INFO o.a.j.s.SampleResult: sampleresult.default.encoding is set to UTF-8
2024-09-24 02:10:15,320 INFO o.a.j.s.SampleResult: sampleresult.useNanoTime=true
2024-09-24 02:10:15,321 INFO o.a.j.s.SampleResult: sampleresult.nanoThreadSleep=5000
2024-09-24 02:10:19,593 INFO o.a.j.t.JMeterThread: Thread is done: user 1-1
2024-09-24 02:10:19,593 INFO o.a.j.t.JMeterThread: Thread finished: user 1-1
2024-09-24 02:10:19,597 INFO o.a.j.e.StandardJMeterEngine: Starting ThreadGroup: 2 :  dj
2024-09-24 02:10:19,597 INFO o.a.j.e.StandardJMeterEngine: Starting 1 threads for group  dj.
2024-09-24 02:10:19,597 INFO o.a.j.e.StandardJMeterEngine: Thread will continue on error
2024-09-24 02:10:19,597 INFO o.a.j.t.ThreadGroup: Starting thread group... number=2 threads=1 ramp-up=1 delayedStart=false
2024-09-24 02:10:19,598 INFO o.a.j.t.ThreadGroup: Started thread group number 2
2024-09-24 02:10:19,598 INFO o.a.j.e.StandardJMeterEngine: Waiting for thread group:  dj to finish before starting next group
2024-09-24 02:10:19,598 INFO o.a.j.t.JMeterThread: Thread started:  dj 2-1
2024-09-24 02:10:19,911 INFO o.a.j.t.JMeterThread: Thread is done:  dj 2-1
2024-09-24 02:10:19,911 INFO o.a.j.t.JMeterThread: Thread finished:  dj 2-1
2024-09-24 02:10:19,912 INFO o.a.j.e.StandardJMeterEngine: Starting ThreadGroup: 3 : message
2024-09-24 02:10:19,912 INFO o.a.j.e.StandardJMeterEngine: Starting 1 threads for group message.
2024-09-24 02:10:19,912 INFO o.a.j.e.StandardJMeterEngine: Thread will continue on error
2024-09-24 02:10:19,912 INFO o.a.j.t.ThreadGroup: Starting thread group... number=3 threads=1 ramp-up=1 delayedStart=false
2024-09-24 02:10:19,913 INFO o.a.j.t.ThreadGroup: Started thread group number 3
2024-09-24 02:10:19,913 INFO o.a.j.e.StandardJMeterEngine: Waiting for thread group: message to finish before starting next group
2024-09-24 02:10:19,913 INFO o.a.j.t.JMeterThread: Thread started: message 3-1
2024-09-24 02:10:20,059 INFO o.a.j.t.JMeterThread: Thread is done: message 3-1
2024-09-24 02:10:20,060 INFO o.a.j.t.JMeterThread: Thread finished: message 3-1
2024-09-24 02:10:20,060 INFO o.a.j.e.StandardJMeterEngine: Starting ThreadGroup: 4 : playlist
2024-09-24 02:10:20,060 INFO o.a.j.e.StandardJMeterEngine: Starting 1 threads for group playlist.
2024-09-24 02:10:20,061 INFO o.a.j.e.StandardJMeterEngine: Thread will continue on error
2024-09-24 02:10:20,061 INFO o.a.j.t.ThreadGroup: Starting thread group... number=4 threads=1 ramp-up=1 delayedStart=false
2024-09-24 02:10:20,062 INFO o.a.j.t.ThreadGroup: Started thread group number 4
2024-09-24 02:10:20,062 INFO o.a.j.e.StandardJMeterEngine: Waiting for thread group: playlist to finish before starting next group
2024-09-24 02:10:20,062 INFO o.a.j.t.JMeterThread: Thread started: playlist 4-1
2024-09-24 02:10:20,719 INFO o.a.j.t.JMeterThread: Thread is done: playlist 4-1
2024-09-24 02:10:20,719 INFO o.a.j.t.JMeterThread: Thread finished: playlist 4-1
2024-09-24 02:10:20,720 INFO o.a.j.e.StandardJMeterEngine: Starting ThreadGroup: 5 : song
2024-09-24 02:10:20,720 INFO o.a.j.e.StandardJMeterEngine: Starting 1 threads for group song.
2024-09-24 02:10:20,720 INFO o.a.j.e.StandardJMeterEngine: Thread will continue on error
2024-09-24 02:10:20,720 INFO o.a.j.t.ThreadGroup: Starting thread group... number=5 threads=1 ramp-up=1 delayedStart=false
2024-09-24 02:10:20,721 INFO o.a.j.t.ThreadGroup: Started thread group number 5
2024-09-24 02:10:20,721 INFO o.a.j.e.StandardJMeterEngine: Waiting for thread group: song to finish before starting next group
2024-09-24 02:10:20,721 INFO o.a.j.t.JMeterThread: Thread started: song 5-1
2024-09-24 02:10:21,538 INFO o.a.j.t.JMeterThread: Thread is done: song 5-1
2024-09-24 02:10:21,539 INFO o.a.j.t.JMeterThread: Thread finished: song 5-1
2024-09-24 02:10:21,539 INFO o.a.j.e.StandardJMeterEngine: Starting ThreadGroup: 6 : other
2024-09-24 02:10:21,540 INFO o.a.j.e.StandardJMeterEngine: Starting 1 threads for group other.
2024-09-24 02:10:21,540 INFO o.a.j.e.StandardJMeterEngine: Thread will continue on error
2024-09-24 02:10:21,540 INFO o.a.j.t.ThreadGroup: Starting thread group... number=6 threads=1 ramp-up=1 delayedStart=false
2024-09-24 02:10:21,541 INFO o.a.j.t.ThreadGroup: Started thread group number 6
2024-09-24 02:10:21,541 INFO o.a.j.e.StandardJMeterEngine: All thread groups have been started
2024-09-24 02:10:21,541 INFO o.a.j.t.JMeterThread: Thread started: other 6-1
2024-09-24 02:10:21,744 INFO o.a.j.t.JMeterThread: Thread is done: other 6-1
2024-09-24 02:10:21,745 INFO o.a.j.t.JMeterThread: Thread finished: other 6-1
2024-09-24 02:10:21,745 INFO o.a.j.e.StandardJMeterEngine: Notifying test listeners of end of test
2024-09-24 02:10:21,751 INFO o.a.j.r.Summariser: summary =     24 in 00:00:06 =    3.7/s Avg:   228 Min:   127 Max:   529 Err:     1 (4.17%)
2024-09-24 02:10:21,751 INFO o.a.j.JMeter: Generating Dashboard
2024-09-24 02:10:21,751 INFO o.a.j.r.d.ReportGenerator: Flushing result collector before report Generation
2024-09-24 02:10:21,763 INFO o.a.j.r.p.NormalizerSampleConsumer: Using format, 'ms', to parse timeStamp field
2024-09-24 02:10:21,870 INFO o.a.j.r.p.AbstractSampleConsumer: class org.apache.jmeter.report.processor.AggregateConsumer#stopProducing(): beginDate produced 0 samples
2024-09-24 02:10:21,870 INFO o.a.j.r.p.AbstractSampleConsumer: class org.apache.jmeter.report.processor.AggregateConsumer#stopProducing(): endDate produced 0 samples
2024-09-24 02:10:21,872 INFO o.a.j.r.p.AbstractSampleConsumer: class org.apache.jmeter.report.processor.ApdexSummaryConsumer#stopProducing(): apdexSummary produced 0 samples
2024-09-24 02:10:21,873 INFO o.a.j.r.p.AbstractSampleConsumer: class org.apache.jmeter.report.processor.RequestsSummaryConsumer#stopProducing(): requestsSummary produced 0 samples
2024-09-24 02:10:21,879 INFO o.a.j.r.p.AbstractSampleConsumer: class org.apache.jmeter.report.processor.StatisticsSummaryConsumer#stopProducing(): statisticsSummary produced 0 samples
2024-09-24 02:10:21,881 INFO o.a.j.r.p.AbstractSampleConsumer: class org.apache.jmeter.report.processor.Top5ErrorsBySamplerConsumer#stopProducing(): top5ErrorsBySampler produced 0 samples
2024-09-24 02:10:21,882 INFO o.a.j.r.p.AbstractSampleConsumer: class org.apache.jmeter.report.processor.ErrorsSummaryConsumer#stopProducing(): errorsSummary produced 0 samples
2024-09-24 02:10:21,882 INFO o.a.j.r.p.AbstractSampleConsumer: class org.apache.jmeter.report.processor.graph.impl.HitsPerSecondGraphConsumer#stopProducing(): hitsPerSecond produced 0 samples
2024-09-24 02:10:21,898 INFO o.a.j.r.p.AbstractSampleConsumer: class org.apache.jmeter.report.processor.graph.impl.LatencyVSRequestGraphConsumer#stopProducing(): latencyVsRequest produced 0 samples
2024-09-24 02:10:21,898 INFO o.a.j.r.p.AbstractSampleConsumer: class org.apache.jmeter.report.processor.graph.impl.SyntheticResponseTimeDistributionGraphConsumer#stopProducing(): syntheticResponseTimeDistribution produced 0 samples
2024-09-24 02:10:21,898 INFO o.a.j.r.p.AbstractSampleConsumer: class org.apache.jmeter.report.processor.graph.impl.BytesThroughputGraphConsumer#stopProducing(): bytesThroughputOverTime produced 0 samples
2024-09-24 02:10:21,898 INFO o.a.j.r.p.AbstractSampleConsumer: class org.apache.jmeter.report.processor.graph.impl.CodesPerSecondGraphConsumer#stopProducing(): codesPerSecond produced 0 samples
2024-09-24 02:10:21,902 INFO o.a.j.r.p.AbstractSampleConsumer: class org.apache.jmeter.report.processor.graph.impl.ResponseTimeVSRequestGraphConsumer#stopProducing(): responseTimeVsRequest produced 0 samples
2024-09-24 02:10:21,902 INFO o.a.j.r.p.AbstractSampleConsumer: class org.apache.jmeter.report.processor.FilterConsumer#stopProducing(): startIntervalControlerFilter produced 168 samples
2024-09-24 02:10:21,903 INFO o.a.j.r.p.AbstractSampleConsumer: class org.apache.jmeter.report.processor.graph.impl.TotalTPSGraphConsumer#stopProducing(): totalTPS produced 0 samples
2024-09-24 02:10:21,903 INFO o.a.j.r.p.AbstractSampleConsumer: class org.apache.jmeter.report.processor.graph.impl.ActiveThreadsGraphConsumer#stopProducing(): activeThreadsOverTime produced 0 samples
2024-09-24 02:10:21,903 INFO o.a.j.r.p.AbstractSampleConsumer: class org.apache.jmeter.report.processor.graph.impl.TimeVSThreadGraphConsumer#stopProducing(): timeVsThreads produced 0 samples
2024-09-24 02:10:21,903 INFO o.a.j.r.p.AbstractSampleConsumer: class org.apache.jmeter.report.processor.graph.impl.ResponseTimeDistributionGraphConsumer#stopProducing(): responseTimeDistribution produced 0 samples
2024-09-24 02:10:21,904 INFO o.a.j.r.p.AbstractSampleConsumer: class org.apache.jmeter.report.processor.graph.impl.TransactionsPerSecondGraphConsumer#stopProducing(): transactionsPerSecond produced 0 samples
2024-09-24 02:10:21,904 INFO o.a.j.r.p.AbstractSampleConsumer: class org.apache.jmeter.report.processor.graph.impl.ResponseTimePercentilesGraphConsumer#stopProducing(): responseTimePercentiles produced 0 samples
2024-09-24 02:10:21,910 INFO o.a.j.r.p.AbstractSampleConsumer: class org.apache.jmeter.report.processor.graph.impl.ResponseTimePercentilesOverTimeGraphConsumer#stopProducing(): responseTimePercentilesOverTime produced 0 samples
2024-09-24 02:10:21,910 INFO o.a.j.r.p.AbstractSampleConsumer: class org.apache.jmeter.report.processor.graph.impl.ResponseTimeOverTimeGraphConsumer#stopProducing(): responseTimesOverTime produced 0 samples
2024-09-24 02:10:21,910 INFO o.a.j.r.p.AbstractSampleConsumer: class org.apache.jmeter.report.processor.graph.impl.ConnectTimeOverTimeGraphConsumer#stopProducing(): connectTimeOverTime produced 0 samples
2024-09-24 02:10:21,911 INFO o.a.j.r.p.AbstractSampleConsumer: class org.apache.jmeter.report.processor.graph.impl.LatencyOverTimeGraphConsumer#stopProducing(): latenciesOverTime produced 0 samples
2024-09-24 02:10:21,911 INFO o.a.j.r.p.AbstractSampleConsumer: class org.apache.jmeter.report.processor.FilterConsumer#stopProducing(): nameFilter produced 360 samples
2024-09-24 02:10:21,911 INFO o.a.j.r.p.AbstractSampleConsumer: class org.apache.jmeter.report.processor.FilterConsumer#stopProducing(): dateRangeFilter produced 72 samples
2024-09-24 02:10:21,911 INFO o.a.j.r.p.AbstractSampleConsumer: class org.apache.jmeter.report.processor.NormalizerSampleConsumer#stopProducing(): normalizer produced 24 samples
2024-09-24 02:10:21,912 INFO o.a.j.r.p.CsvFileSampleSource: produce(): 24 samples produced in 118ms on channel 0
2024-09-24 02:10:21,912 INFO o.a.j.r.d.ReportGenerator: Exporting data using exporter:'json' of className:'org.apache.jmeter.report.dashboard.JsonExporter'
2024-09-24 02:10:21,999 INFO o.a.j.r.d.JsonExporter: Found data for consumer statisticsSummary in context
2024-09-24 02:10:22,000 INFO o.a.j.r.d.JsonExporter: Creating statistics for overall
2024-09-24 02:10:22,000 INFO o.a.j.r.d.JsonExporter: Creating statistics for other transactions
2024-09-24 02:10:22,001 INFO o.a.j.r.d.JsonExporter: Checking output folder
2024-09-24 02:10:22,001 INFO o.a.j.r.d.JsonExporter: Writing statistics JSON to /Users/he/Documents/local/netApiJmeter/report/dashboard/statistics.json
2024-09-24 02:10:22,059 INFO o.a.j.r.d.ReportGenerator: Exporting data using exporter:'html' of className:'org.apache.jmeter.report.dashboard.HtmlTemplateExporter'
2024-09-24 02:10:22,062 INFO o.a.j.r.d.HtmlTemplateExporter: Will generate dashboard in folder: /Users/he/Documents/local/netApiJmeter/report/dashboard
2024-09-24 02:10:22,274 INFO o.a.j.r.d.HtmlTemplateExporter: Report will be generated in: /Users/he/Documents/local/netApiJmeter/report/dashboard, creating folder structure
2024-09-24 02:10:22,276 INFO o.a.j.r.d.TemplateVisitor: Copying folder from '/usr/local/Cellar/jmeter/5.6.3/libexec/bin/report-template' to '/Users/he/Documents/local/netApiJmeter/report/dashboard', got message: /Users/he/Documents/local/netApiJmeter/report/dashboard, found non empty folder with following content [/Users/he/Documents/local/netApiJmeter/report/dashboard/statistics.json], will be ignored
2024-09-24 02:10:22,709 INFO o.a.j.JMeter: Dashboard generated
